<?xml version="1.0" encoding="UTF-8"?>
<robot generator="Robot 6.1.1 (Python 3.11.2 on win32)" generated="20231220 11:56:44.373" rpa="false" schemaversion="4">
<suite id="s1" name="Test-Suite-2" source="C:\TestingQA\basic-automation\project-demo\test-suite-2.robot">
<test id="s1-t1" name="Test Case 1: Verify Cover Page Elements" line="10">
<kw name="Open Browser" library="SeleniumLibrary">
<arg>${BASE_URL}/</arg>
<arg>${BROWSER}</arg>
<doc>Opens a new browser instance to the optional ``url``.</doc>
<msg timestamp="20231220 11:56:44.738" level="INFO">Opening browser 'chrome' to base url 'http://localhost:8000/'.</msg>
<status status="PASS" starttime="20231220 11:56:44.737" endtime="20231220 11:56:49.971"/>
</kw>
<kw name="Maximize Browser Window" library="SeleniumLibrary">
<doc>Maximizes current browser window.</doc>
<status status="PASS" starttime="20231220 11:56:49.971" endtime="20231220 11:56:50.247"/>
</kw>
<kw name="Page Should Contain Element" library="SeleniumLibrary">
<arg>xpath://h1[contains(text(), 'SPK Pemilihan Laptop Terbaik')]</arg>
<doc>Verifies that element ``locator`` is found on the current page.</doc>
<msg timestamp="20231220 11:56:50.496" level="INFO">Current page contains element 'xpath://h1[contains(text(), 'SPK Pemilihan Laptop Terbaik')]'.</msg>
<status status="PASS" starttime="20231220 11:56:50.247" endtime="20231220 11:56:50.496"/>
</kw>
<kw name="Page Should Contain Element" library="SeleniumLibrary">
<arg>xpath://a[@href='${BASE_URL}/login']</arg>
<doc>Verifies that element ``locator`` is found on the current page.</doc>
<msg timestamp="20231220 11:56:50.516" level="INFO">Current page contains element 'xpath://a[@href='http://localhost:8000/login']'.</msg>
<status status="PASS" starttime="20231220 11:56:50.496" endtime="20231220 11:56:50.516"/>
</kw>
<kw name="Page Should Contain Element" library="SeleniumLibrary">
<arg>xpath://a[@href='${BASE_URL}/register']</arg>
<doc>Verifies that element ``locator`` is found on the current page.</doc>
<msg timestamp="20231220 11:56:50.536" level="INFO">Current page contains element 'xpath://a[@href='http://localhost:8000/register']'.</msg>
<status status="PASS" starttime="20231220 11:56:50.516" endtime="20231220 11:56:50.536"/>
</kw>
<status status="PASS" starttime="20231220 11:56:44.736" endtime="20231220 11:56:50.536"/>
</test>
<test id="s1-t2" name="Test Case 2: Testing Login and Verify Dashboard" line="18">
<kw name="Open Browser" library="SeleniumLibrary">
<arg>${BASE_URL}/</arg>
<arg>${BROWSER}</arg>
<doc>Opens a new browser instance to the optional ``url``.</doc>
<msg timestamp="20231220 11:56:50.540" level="INFO">Opening browser 'chrome' to base url 'http://localhost:8000/'.</msg>
<status status="PASS" starttime="20231220 11:56:50.540" endtime="20231220 11:56:56.762"/>
</kw>
<kw name="Maximize Browser Window" library="SeleniumLibrary">
<doc>Maximizes current browser window.</doc>
<status status="PASS" starttime="20231220 11:56:56.764" endtime="20231220 11:56:57.062"/>
</kw>
<kw name="Click Element" library="SeleniumLibrary">
<arg>xpath://a[contains(text(), 'Login')]</arg>
<doc>Click the element identified by ``locator``.</doc>
<msg timestamp="20231220 11:56:57.075" level="INFO">Clicking element 'xpath://a[contains(text(), 'Login')]'.</msg>
<status status="PASS" starttime="20231220 11:56:57.074" endtime="20231220 11:56:59.464"/>
</kw>
<kw name="Input Text" library="SeleniumLibrary">
<arg>id:username</arg>
<arg>testlogin</arg>
<doc>Types the given ``text`` into the text field identified by ``locator``.</doc>
<msg timestamp="20231220 11:56:59.473" level="INFO">Typing text 'testlogin' into text field 'id:username'.</msg>
<status status="PASS" starttime="20231220 11:56:59.472" endtime="20231220 11:56:59.720"/>
</kw>
<kw name="Input Text" library="SeleniumLibrary">
<arg>id:password</arg>
<arg>00000000</arg>
<doc>Types the given ``text`` into the text field identified by ``locator``.</doc>
<msg timestamp="20231220 11:56:59.721" level="INFO">Typing text '00000000' into text field 'id:password'.</msg>
<status status="PASS" starttime="20231220 11:56:59.721" endtime="20231220 11:56:59.910"/>
</kw>
<kw name="Click Button" library="SeleniumLibrary">
<arg>xpath://button[contains(text(), 'Login')]</arg>
<doc>Clicks the button identified by ``locator``.</doc>
<msg timestamp="20231220 11:56:59.911" level="INFO">Clicking button 'xpath://button[contains(text(), 'Login')]'.</msg>
<status status="PASS" starttime="20231220 11:56:59.910" endtime="20231220 11:57:02.593"/>
</kw>
<kw name="Page Should Contain Element" library="SeleniumLibrary">
<arg>xpath://h1[contains(text(), 'Dashboard')]</arg>
<doc>Verifies that element ``locator`` is found on the current page.</doc>
<msg timestamp="20231220 11:57:02.643" level="INFO">Current page contains element 'xpath://h1[contains(text(), 'Dashboard')]'.</msg>
<status status="PASS" starttime="20231220 11:57:02.594" endtime="20231220 11:57:02.643"/>
</kw>
<kw name="Page Should Contain Element" library="SeleniumLibrary">
<arg>xpath://p[contains(text(), 'Sistem pendukung keputusan pemilihan laptop')]</arg>
<doc>Verifies that element ``locator`` is found on the current page.</doc>
<msg timestamp="20231220 11:57:02.685" level="INFO">Current page contains element 'xpath://p[contains(text(), 'Sistem pendukung keputusan pemilihan laptop')]'.</msg>
<status status="PASS" starttime="20231220 11:57:02.644" endtime="20231220 11:57:02.685"/>
</kw>
<status status="PASS" starttime="20231220 11:56:50.536" endtime="20231220 11:57:02.686"/>
</test>
<test id="s1-t3" name="Test Case 3: Verify Logout Functionality From Cover" line="29">
<kw name="Open Browser" library="SeleniumLibrary">
<arg>${BASE_URL}/</arg>
<arg>${BROWSER}</arg>
<doc>Opens a new browser instance to the optional ``url``.</doc>
<msg timestamp="20231220 11:57:02.691" level="INFO">Opening browser 'chrome' to base url 'http://localhost:8000/'.</msg>
<status status="PASS" starttime="20231220 11:57:02.689" endtime="20231220 11:57:10.100"/>
</kw>
<kw name="Maximize Browser Window" library="SeleniumLibrary">
<doc>Maximizes current browser window.</doc>
<status status="PASS" starttime="20231220 11:57:10.104" endtime="20231220 11:57:11.101"/>
</kw>
<kw name="Click Element" library="SeleniumLibrary">
<arg>xpath://a[contains(text(), 'Login')]</arg>
<doc>Click the element identified by ``locator``.</doc>
<msg timestamp="20231220 11:57:11.116" level="INFO">Clicking element 'xpath://a[contains(text(), 'Login')]'.</msg>
<status status="PASS" starttime="20231220 11:57:11.109" endtime="20231220 11:57:15.130"/>
</kw>
<kw name="Input Text" library="SeleniumLibrary">
<arg>id:username</arg>
<arg>testlogin</arg>
<doc>Types the given ``text`` into the text field identified by ``locator``.</doc>
<msg timestamp="20231220 11:57:15.134" level="INFO">Typing text 'testlogin' into text field 'id:username'.</msg>
<status status="PASS" starttime="20231220 11:57:15.133" endtime="20231220 11:57:15.324"/>
</kw>
<kw name="Input Text" library="SeleniumLibrary">
<arg>id:password</arg>
<arg>00000000</arg>
<doc>Types the given ``text`` into the text field identified by ``locator``.</doc>
<msg timestamp="20231220 11:57:15.326" level="INFO">Typing text '00000000' into text field 'id:password'.</msg>
<status status="PASS" starttime="20231220 11:57:15.325" endtime="20231220 11:57:15.539"/>
</kw>
<kw name="Click Button" library="SeleniumLibrary">
<arg>xpath://button[contains(text(), 'Login')]</arg>
<doc>Clicks the button identified by ``locator``.</doc>
<msg timestamp="20231220 11:57:15.542" level="INFO">Clicking button 'xpath://button[contains(text(), 'Login')]'.</msg>
<status status="PASS" starttime="20231220 11:57:15.541" endtime="20231220 11:57:18.495"/>
</kw>
<kw name="Click Link" library="SeleniumLibrary">
<arg>xpath://a[contains(text(), 'SPK WP')]</arg>
<doc>Clicks a link identified by ``locator``.</doc>
<msg timestamp="20231220 11:57:18.496" level="INFO">Clicking link 'xpath://a[contains(text(), 'SPK WP')]'.</msg>
<status status="PASS" starttime="20231220 11:57:18.496" endtime="20231220 11:57:19.131"/>
</kw>
<kw name="Page Should Contain Element" library="SeleniumLibrary">
<arg>xpath://h1[contains(text(), 'Hi! ')]</arg>
<doc>Verifies that element ``locator`` is found on the current page.</doc>
<msg timestamp="20231220 11:57:19.173" level="INFO">Current page contains element 'xpath://h1[contains(text(), 'Hi! ')]'.</msg>
<status status="PASS" starttime="20231220 11:57:19.140" endtime="20231220 11:57:19.173"/>
</kw>
<kw name="Click Element" library="SeleniumLibrary">
<arg>xpath://button[contains(text(), 'Logout')]</arg>
<doc>Click the element identified by ``locator``.</doc>
<msg timestamp="20231220 11:57:19.175" level="INFO">Clicking element 'xpath://button[contains(text(), 'Logout')]'.</msg>
<status status="PASS" starttime="20231220 11:57:19.174" endtime="20231220 11:57:20.993"/>
</kw>
<kw name="Page Should Contain Element" library="SeleniumLibrary">
<arg>xpath://h3[contains(text(), 'Login')]</arg>
<doc>Verifies that element ``locator`` is found on the current page.</doc>
<msg timestamp="20231220 11:57:21.072" level="INFO">Current page contains element 'xpath://h3[contains(text(), 'Login')]'.</msg>
<status status="PASS" starttime="20231220 11:57:21.005" endtime="20231220 11:57:21.072"/>
</kw>
<kw name="Page Should Contain Element" library="SeleniumLibrary">
<arg>xpath://button[contains(text(), 'Login')]</arg>
<doc>Verifies that element ``locator`` is found on the current page.</doc>
<msg timestamp="20231220 11:57:21.098" level="INFO">Current page contains element 'xpath://button[contains(text(), 'Login')]'.</msg>
<status status="PASS" starttime="20231220 11:57:21.073" endtime="20231220 11:57:21.099"/>
</kw>
<status status="PASS" starttime="20231220 11:57:02.687" endtime="20231220 11:57:21.105"/>
</test>
<test id="s1-t4" name="Test Case 4: Verify Logout Functionality From Navbar" line="45">
<kw name="Open Browser" library="SeleniumLibrary">
<arg>${BASE_URL}/</arg>
<arg>${BROWSER}</arg>
<doc>Opens a new browser instance to the optional ``url``.</doc>
<msg timestamp="20231220 11:57:21.109" level="INFO">Opening browser 'chrome' to base url 'http://localhost:8000/'.</msg>
<status status="PASS" starttime="20231220 11:57:21.107" endtime="20231220 11:57:31.933"/>
</kw>
<kw name="Maximize Browser Window" library="SeleniumLibrary">
<doc>Maximizes current browser window.</doc>
<status status="PASS" starttime="20231220 11:57:31.950" endtime="20231220 11:57:32.313"/>
</kw>
<kw name="Click Element" library="SeleniumLibrary">
<arg>xpath://a[contains(text(), 'Login')]</arg>
<doc>Click the element identified by ``locator``.</doc>
<msg timestamp="20231220 11:57:32.315" level="INFO">Clicking element 'xpath://a[contains(text(), 'Login')]'.</msg>
<status status="PASS" starttime="20231220 11:57:32.313" endtime="20231220 11:57:38.214"/>
</kw>
<kw name="Input Text" library="SeleniumLibrary">
<arg>id:username</arg>
<arg>testlogin</arg>
<doc>Types the given ``text`` into the text field identified by ``locator``.</doc>
<msg timestamp="20231220 11:57:38.217" level="INFO">Typing text 'testlogin' into text field 'id:username'.</msg>
<status status="PASS" starttime="20231220 11:57:38.216" endtime="20231220 11:57:38.614"/>
</kw>
<kw name="Input Text" library="SeleniumLibrary">
<arg>id:password</arg>
<arg>00000000</arg>
<doc>Types the given ``text`` into the text field identified by ``locator``.</doc>
<msg timestamp="20231220 11:57:38.617" level="INFO">Typing text '00000000' into text field 'id:password'.</msg>
<status status="PASS" starttime="20231220 11:57:38.615" endtime="20231220 11:57:39.064"/>
</kw>
<kw name="Click Button" library="SeleniumLibrary">
<arg>xpath://button[contains(text(), 'Login')]</arg>
<doc>Clicks the button identified by ``locator``.</doc>
<msg timestamp="20231220 11:57:39.129" level="INFO">Clicking button 'xpath://button[contains(text(), 'Login')]'.</msg>
<status status="PASS" starttime="20231220 11:57:39.128" endtime="20231220 11:57:45.185"/>
</kw>
<kw name="Page Should Contain Element" library="SeleniumLibrary">
<arg>xpath://h1[contains(text(), 'Dashboard')]</arg>
<doc>Verifies that element ``locator`` is found on the current page.</doc>
<msg timestamp="20231220 11:57:45.226" level="INFO">Current page contains element 'xpath://h1[contains(text(), 'Dashboard')]'.</msg>
<status status="PASS" starttime="20231220 11:57:45.187" endtime="20231220 11:57:45.226"/>
</kw>
<kw name="Page Should Contain Element" library="SeleniumLibrary">
<arg>xpath://p[contains(text(), 'Sistem pendukung keputusan pemilihan laptop')]</arg>
<doc>Verifies that element ``locator`` is found on the current page.</doc>
<msg timestamp="20231220 11:57:45.272" level="INFO">Current page contains element 'xpath://p[contains(text(), 'Sistem pendukung keputusan pemilihan laptop')]'.</msg>
<status status="PASS" starttime="20231220 11:57:45.228" endtime="20231220 11:57:45.272"/>
</kw>
<kw name="Click Link" library="SeleniumLibrary">
<arg>xpath://a[@class='nav-link dropdown-toggle']</arg>
<doc>Clicks a link identified by ``locator``.</doc>
<msg timestamp="20231220 11:57:45.274" level="INFO">Clicking link 'xpath://a[@class='nav-link dropdown-toggle']'.</msg>
<status status="PASS" starttime="20231220 11:57:45.273" endtime="20231220 11:57:45.492"/>
</kw>
<kw name="Click Element" library="SeleniumLibrary">
<arg>xpath://button[contains(text(), 'Logout')]</arg>
<doc>Click the element identified by ``locator``.</doc>
<msg timestamp="20231220 11:57:45.539" level="INFO">Clicking element 'xpath://button[contains(text(), 'Logout')]'.</msg>
<status status="PASS" starttime="20231220 11:57:45.538" endtime="20231220 11:57:48.167"/>
</kw>
<kw name="Page Should Contain Element" library="SeleniumLibrary">
<arg>xpath://h3[contains(text(), 'Login')]</arg>
<doc>Verifies that element ``locator`` is found on the current page.</doc>
<msg timestamp="20231220 11:57:48.235" level="INFO">Current page contains element 'xpath://h3[contains(text(), 'Login')]'.</msg>
<status status="PASS" starttime="20231220 11:57:48.171" endtime="20231220 11:57:48.235"/>
</kw>
<kw name="Page Should Contain Element" library="SeleniumLibrary">
<arg>xpath://button[contains(text(), 'Login')]</arg>
<doc>Verifies that element ``locator`` is found on the current page.</doc>
<msg timestamp="20231220 11:57:48.267" level="INFO">Current page contains element 'xpath://button[contains(text(), 'Login')]'.</msg>
<status status="PASS" starttime="20231220 11:57:48.235" endtime="20231220 11:57:48.267"/>
</kw>
<status status="PASS" starttime="20231220 11:57:21.106" endtime="20231220 11:57:48.267"/>
</test>
<test id="s1-t5" name="Test Case 5: Verify Register Functionality" line="62">
<kw name="Open Browser" library="SeleniumLibrary">
<arg>${BASE_URL}</arg>
<arg>${BROWSER}</arg>
<doc>Opens a new browser instance to the optional ``url``.</doc>
<msg timestamp="20231220 11:57:48.271" level="INFO">Opening browser 'chrome' to base url 'http://localhost:8000'.</msg>
<status status="PASS" starttime="20231220 11:57:48.271" endtime="20231220 11:58:01.983"/>
</kw>
<kw name="Maximize Browser Window" library="SeleniumLibrary">
<doc>Maximizes current browser window.</doc>
<status status="PASS" starttime="20231220 11:58:01.995" endtime="20231220 11:58:02.650"/>
</kw>
<kw name="Click Element" library="SeleniumLibrary">
<arg>xpath://a[contains(text(), 'Daftar')]</arg>
<doc>Click the element identified by ``locator``.</doc>
<msg timestamp="20231220 11:58:02.659" level="INFO">Clicking element 'xpath://a[contains(text(), 'Daftar')]'.</msg>
<status status="PASS" starttime="20231220 11:58:02.658" endtime="20231220 11:58:09.656"/>
</kw>
<kw name="Page Should Contain Element" library="SeleniumLibrary">
<arg>xpath://h3[contains(text(), 'Registration Form')]</arg>
<doc>Verifies that element ``locator`` is found on the current page.</doc>
<msg timestamp="20231220 11:58:09.884" level="INFO">Current page contains element 'xpath://h3[contains(text(), 'Registration Form')]'.</msg>
<status status="PASS" starttime="20231220 11:58:09.716" endtime="20231220 11:58:09.884"/>
</kw>
<kw name="Page Should Contain Element" library="SeleniumLibrary">
<arg>xpath://button[contains(text(), 'Register')]</arg>
<doc>Verifies that element ``locator`` is found on the current page.</doc>
<msg timestamp="20231220 11:58:09.970" level="INFO">Current page contains element 'xpath://button[contains(text(), 'Register')]'.</msg>
<status status="PASS" starttime="20231220 11:58:09.885" endtime="20231220 11:58:09.970"/>
</kw>
<kw name="Input Text" library="SeleniumLibrary">
<arg>name=name</arg>
<arg>testlogin1</arg>
<doc>Types the given ``text`` into the text field identified by ``locator``.</doc>
<msg timestamp="20231220 11:58:09.983" level="INFO">Typing text 'testlogin1' into text field 'name=name'.</msg>
<status status="PASS" starttime="20231220 11:58:09.982" endtime="20231220 11:58:10.549"/>
</kw>
<kw name="Input Text" library="SeleniumLibrary">
<arg>name=username</arg>
<arg>testlogin1</arg>
<doc>Types the given ``text`` into the text field identified by ``locator``.</doc>
<msg timestamp="20231220 11:58:10.566" level="INFO">Typing text 'testlogin1' into text field 'name=username'.</msg>
<status status="PASS" starttime="20231220 11:58:10.565" endtime="20231220 11:58:11.498"/>
</kw>
<kw name="Input Text" library="SeleniumLibrary">
<arg>name=password</arg>
<arg>11111111</arg>
<doc>Types the given ``text`` into the text field identified by ``locator``.</doc>
<msg timestamp="20231220 11:58:11.503" level="INFO">Typing text '11111111' into text field 'name=password'.</msg>
<status status="PASS" starttime="20231220 11:58:11.502" endtime="20231220 11:58:11.936"/>
</kw>
<kw name="Input Text" library="SeleniumLibrary">
<arg>name=password_confirmation</arg>
<arg>11111111</arg>
<doc>Types the given ``text`` into the text field identified by ``locator``.</doc>
<msg timestamp="20231220 11:58:11.966" level="INFO">Typing text '11111111' into text field 'name=password_confirmation'.</msg>
<status status="PASS" starttime="20231220 11:58:11.965" endtime="20231220 11:58:12.819"/>
</kw>
<kw name="Click Button" library="SeleniumLibrary">
<arg>xpath://button[contains(text(), 'Register')]</arg>
<doc>Clicks the button identified by ``locator``.</doc>
<msg timestamp="20231220 11:58:12.834" level="INFO">Clicking button 'xpath://button[contains(text(), 'Register')]'.</msg>
<status status="PASS" starttime="20231220 11:58:12.833" endtime="20231220 11:58:16.466"/>
</kw>
<status status="PASS" starttime="20231220 11:57:48.267" endtime="20231220 11:58:16.480"/>
</test>
<test id="s1-t6" name="Test Case 6 : Verify Sidebar Functionality Link" line="78">
<kw name="Open Browser" library="SeleniumLibrary">
<arg>${BASE_URL}/</arg>
<arg>${BROWSER}</arg>
<doc>Opens a new browser instance to the optional ``url``.</doc>
<msg timestamp="20231220 11:58:16.496" level="INFO">Opening browser 'chrome' to base url 'http://localhost:8000/'.</msg>
<status status="PASS" starttime="20231220 11:58:16.495" endtime="20231220 11:58:35.334"/>
</kw>
<kw name="Maximize Browser Window" library="SeleniumLibrary">
<doc>Maximizes current browser window.</doc>
<status status="PASS" starttime="20231220 11:58:35.382" endtime="20231220 11:58:36.417"/>
</kw>
<kw name="Click Element" library="SeleniumLibrary">
<arg>xpath://a[contains(text(), 'Login')]</arg>
<doc>Click the element identified by ``locator``.</doc>
<msg timestamp="20231220 11:58:36.428" level="INFO">Clicking element 'xpath://a[contains(text(), 'Login')]'.</msg>
<status status="PASS" starttime="20231220 11:58:36.428" endtime="20231220 11:58:46.790"/>
</kw>
<kw name="Input Text" library="SeleniumLibrary">
<arg>id:username</arg>
<arg>testlogin</arg>
<doc>Types the given ``text`` into the text field identified by ``locator``.</doc>
<msg timestamp="20231220 11:58:46.808" level="INFO">Typing text 'testlogin' into text field 'id:username'.</msg>
<status status="PASS" starttime="20231220 11:58:46.807" endtime="20231220 11:58:47.687"/>
</kw>
<kw name="Input Text" library="SeleniumLibrary">
<arg>id:password</arg>
<arg>00000000</arg>
<doc>Types the given ``text`` into the text field identified by ``locator``.</doc>
<msg timestamp="20231220 11:58:47.718" level="INFO">Typing text '00000000' into text field 'id:password'.</msg>
<status status="PASS" starttime="20231220 11:58:47.717" endtime="20231220 11:58:48.303"/>
</kw>
<kw name="Click Button" library="SeleniumLibrary">
<arg>xpath://button[contains(text(), 'Login')]</arg>
<doc>Clicks the button identified by ``locator``.</doc>
<msg timestamp="20231220 11:58:48.322" level="INFO">Clicking button 'xpath://button[contains(text(), 'Login')]'.</msg>
<status status="PASS" starttime="20231220 11:58:48.321" endtime="20231220 11:58:53.581"/>
</kw>
<kw name="Page Should Contain Element" library="SeleniumLibrary">
<arg>xpath://h1[contains(text(), 'Dashboard')]</arg>
<doc>Verifies that element ``locator`` is found on the current page.</doc>
<msg timestamp="20231220 11:58:53.621" level="INFO">Current page contains element 'xpath://h1[contains(text(), 'Dashboard')]'.</msg>
<status status="PASS" starttime="20231220 11:58:53.585" endtime="20231220 11:58:53.622"/>
</kw>
<kw name="Page Should Contain Element" library="SeleniumLibrary">
<arg>xpath://p[contains(text(), 'Sistem pendukung keputusan pemilihan laptop')]</arg>
<doc>Verifies that element ``locator`` is found on the current page.</doc>
<msg timestamp="20231220 11:58:53.699" level="INFO">Current page contains element 'xpath://p[contains(text(), 'Sistem pendukung keputusan pemilihan laptop')]'.</msg>
<status status="PASS" starttime="20231220 11:58:53.628" endtime="20231220 11:58:53.699"/>
</kw>
<kw name="Click Link" library="SeleniumLibrary">
<arg>xpath://a[contains(@href, 'dashboard')]</arg>
<doc>Clicks a link identified by ``locator``.</doc>
<msg timestamp="20231220 11:58:53.704" level="INFO">Clicking link 'xpath://a[contains(@href, 'dashboard')]'.</msg>
<status status="PASS" starttime="20231220 11:58:53.702" endtime="20231220 11:58:56.342"/>
</kw>
<kw name="Page Should Contain Element" library="SeleniumLibrary">
<arg>xpath://h1[contains(text(), 'Dashboard')]</arg>
<doc>Verifies that element ``locator`` is found on the current page.</doc>
<msg timestamp="20231220 11:58:56.398" level="INFO">Current page contains element 'xpath://h1[contains(text(), 'Dashboard')]'.</msg>
<status status="PASS" starttime="20231220 11:58:56.346" endtime="20231220 11:58:56.398"/>
</kw>
<kw name="Click Link" library="SeleniumLibrary">
<arg>xpath://a[contains(@href, 'data-kriteria')]</arg>
<doc>Clicks a link identified by ``locator``.</doc>
<msg timestamp="20231220 11:58:56.402" level="INFO">Clicking link 'xpath://a[contains(@href, 'data-kriteria')]'.</msg>
<status status="PASS" starttime="20231220 11:58:56.398" endtime="20231220 11:58:58.961"/>
</kw>
<kw name="Page Should Contain Element" library="SeleniumLibrary">
<arg>xpath://h1[contains(text(), 'Data Kriteria')]</arg>
<doc>Verifies that element ``locator`` is found on the current page.</doc>
<msg timestamp="20231220 11:58:59.131" level="INFO">Current page contains element 'xpath://h1[contains(text(), 'Data Kriteria')]'.</msg>
<status status="PASS" starttime="20231220 11:58:58.969" endtime="20231220 11:58:59.131"/>
</kw>
<kw name="Click Link" library="SeleniumLibrary">
<arg>xpath://a[contains(@href, 'data-sub-kriteria')]</arg>
<doc>Clicks a link identified by ``locator``.</doc>
<msg timestamp="20231220 11:58:59.148" level="INFO">Clicking link 'xpath://a[contains(@href, 'data-sub-kriteria')]'.</msg>
<status status="PASS" starttime="20231220 11:58:59.147" endtime="20231220 11:59:02.552"/>
</kw>
<kw name="Page Should Contain Element" library="SeleniumLibrary">
<arg>xpath://h1[contains(text(), 'Data Sub Kriteria')]</arg>
<doc>Verifies that element ``locator`` is found on the current page.</doc>
<msg timestamp="20231220 11:59:02.673" level="INFO">Current page contains element 'xpath://h1[contains(text(), 'Data Sub Kriteria')]'.</msg>
<status status="PASS" starttime="20231220 11:59:02.608" endtime="20231220 11:59:02.674"/>
</kw>
<kw name="Click Link" library="SeleniumLibrary">
<arg>xpath://a[contains(@href, 'data-alternatif')]</arg>
<doc>Clicks a link identified by ``locator``.</doc>
<msg timestamp="20231220 11:59:02.676" level="INFO">Clicking link 'xpath://a[contains(@href, 'data-alternatif')]'.</msg>
<status status="PASS" starttime="20231220 11:59:02.675" endtime="20231220 11:59:05.121"/>
</kw>
<kw name="Page Should Contain Element" library="SeleniumLibrary">
<arg>xpath://h1[contains(text(), 'Data Alternatif')]</arg>
<doc>Verifies that element ``locator`` is found on the current page.</doc>
<msg timestamp="20231220 11:59:05.169" level="INFO">Current page contains element 'xpath://h1[contains(text(), 'Data Alternatif')]'.</msg>
<status status="PASS" starttime="20231220 11:59:05.122" endtime="20231220 11:59:05.170"/>
</kw>
<kw name="Click Link" library="SeleniumLibrary">
<arg>xpath://a[contains(@href, 'data-penilaian')]</arg>
<doc>Clicks a link identified by ``locator``.</doc>
<msg timestamp="20231220 11:59:05.175" level="INFO">Clicking link 'xpath://a[contains(@href, 'data-penilaian')]'.</msg>
<status status="PASS" starttime="20231220 11:59:05.174" endtime="20231220 11:59:07.527"/>
</kw>
<kw name="Page Should Contain Element" library="SeleniumLibrary">
<arg>xpath://h1[contains(text(), 'Data Penilaian')]</arg>
<doc>Verifies that element ``locator`` is found on the current page.</doc>
<msg timestamp="20231220 11:59:07.587" level="INFO">Current page contains element 'xpath://h1[contains(text(), 'Data Penilaian')]'.</msg>
<status status="PASS" starttime="20231220 11:59:07.534" endtime="20231220 11:59:07.587"/>
</kw>
<kw name="Click Link" library="SeleniumLibrary">
<arg>xpath://a[contains(@href, 'data-perhitungan')]</arg>
<doc>Clicks a link identified by ``locator``.</doc>
<msg timestamp="20231220 11:59:07.589" level="INFO">Clicking link 'xpath://a[contains(@href, 'data-perhitungan')]'.</msg>
<status status="PASS" starttime="20231220 11:59:07.588" endtime="20231220 11:59:10.190"/>
</kw>
<kw name="Page Should Contain Element" library="SeleniumLibrary">
<arg>xpath://h1[contains(text(), 'Data Perhitungan')]</arg>
<doc>Verifies that element ``locator`` is found on the current page.</doc>
<msg timestamp="20231220 11:59:10.268" level="INFO">Current page contains element 'xpath://h1[contains(text(), 'Data Perhitungan')]'.</msg>
<status status="PASS" starttime="20231220 11:59:10.191" endtime="20231220 11:59:10.269"/>
</kw>
<kw name="Click Link" library="SeleniumLibrary">
<arg>xpath://a[contains(@href, 'data-hasil-akhir')]</arg>
<doc>Clicks a link identified by ``locator``.</doc>
<msg timestamp="20231220 11:59:10.272" level="INFO">Clicking link 'xpath://a[contains(@href, 'data-hasil-akhir')]'.</msg>
<status status="PASS" starttime="20231220 11:59:10.271" endtime="20231220 11:59:13.269"/>
</kw>
<kw name="Page Should Contain Element" library="SeleniumLibrary">
<arg>xpath://h1[contains(text(), 'Data Hasil Akhir')]</arg>
<doc>Verifies that element ``locator`` is found on the current page.</doc>
<msg timestamp="20231220 11:59:13.326" level="INFO">Current page contains element 'xpath://h1[contains(text(), 'Data Hasil Akhir')]'.</msg>
<status status="PASS" starttime="20231220 11:59:13.280" endtime="20231220 11:59:13.327"/>
</kw>
<kw name="Click Link" library="SeleniumLibrary">
<arg>xpath://a[contains(@href, 'data-user')]</arg>
<doc>Clicks a link identified by ``locator``.</doc>
<msg timestamp="20231220 11:59:13.333" level="INFO">Clicking link 'xpath://a[contains(@href, 'data-user')]'.</msg>
<status status="PASS" starttime="20231220 11:59:13.332" endtime="20231220 11:59:16.099"/>
</kw>
<kw name="Page Should Contain Element" library="SeleniumLibrary">
<arg>xpath://h1[contains(text(), 'Data User')]</arg>
<doc>Verifies that element ``locator`` is found on the current page.</doc>
<msg timestamp="20231220 11:59:16.227" level="INFO">Current page contains element 'xpath://h1[contains(text(), 'Data User')]'.</msg>
<status status="PASS" starttime="20231220 11:59:16.124" endtime="20231220 11:59:16.227"/>
</kw>
<status status="PASS" starttime="20231220 11:58:16.493" endtime="20231220 11:59:16.229"/>
</test>
<test id="s1-t7" name="Test Case 7 : Verify Calculations Functionality" line="106">
<kw name="Open Browser" library="SeleniumLibrary">
<arg>${BASE_URL}/</arg>
<arg>${BROWSER}</arg>
<doc>Opens a new browser instance to the optional ``url``.</doc>
<msg timestamp="20231220 11:59:16.239" level="INFO">Opening browser 'chrome' to base url 'http://localhost:8000/'.</msg>
<status status="PASS" starttime="20231220 11:59:16.236" endtime="20231220 11:59:40.483"/>
</kw>
<kw name="Maximize Browser Window" library="SeleniumLibrary">
<doc>Maximizes current browser window.</doc>
<status status="PASS" starttime="20231220 11:59:40.581" endtime="20231220 11:59:40.812"/>
</kw>
<kw name="Click Element" library="SeleniumLibrary">
<arg>xpath://a[contains(text(), 'Login')]</arg>
<doc>Click the element identified by ``locator``.</doc>
<msg timestamp="20231220 11:59:40.814" level="INFO">Clicking element 'xpath://a[contains(text(), 'Login')]'.</msg>
<status status="PASS" starttime="20231220 11:59:40.813" endtime="20231220 11:59:51.882"/>
</kw>
<kw name="Input Text" library="SeleniumLibrary">
<arg>id:username</arg>
<arg>testlogin</arg>
<doc>Types the given ``text`` into the text field identified by ``locator``.</doc>
<msg timestamp="20231220 11:59:51.921" level="INFO">Typing text 'testlogin' into text field 'id:username'.</msg>
<status status="PASS" starttime="20231220 11:59:51.919" endtime="20231220 11:59:52.333"/>
</kw>
<kw name="Input Text" library="SeleniumLibrary">
<arg>id:password</arg>
<arg>00000000</arg>
<doc>Types the given ``text`` into the text field identified by ``locator``.</doc>
<msg timestamp="20231220 11:59:52.382" level="INFO">Typing text '00000000' into text field 'id:password'.</msg>
<status status="PASS" starttime="20231220 11:59:52.380" endtime="20231220 11:59:52.798"/>
</kw>
<kw name="Click Button" library="SeleniumLibrary">
<arg>xpath://button[contains(text(), 'Login')]</arg>
<doc>Clicks the button identified by ``locator``.</doc>
<msg timestamp="20231220 11:59:52.816" level="INFO">Clicking button 'xpath://button[contains(text(), 'Login')]'.</msg>
<status status="PASS" starttime="20231220 11:59:52.814" endtime="20231220 11:59:59.245"/>
</kw>
<kw name="Page Should Contain Element" library="SeleniumLibrary">
<arg>xpath://h1[contains(text(), 'Dashboard')]</arg>
<doc>Verifies that element ``locator`` is found on the current page.</doc>
<msg timestamp="20231220 11:59:59.328" level="INFO">Current page contains element 'xpath://h1[contains(text(), 'Dashboard')]'.</msg>
<status status="PASS" starttime="20231220 11:59:59.248" endtime="20231220 11:59:59.328"/>
</kw>
<kw name="Page Should Contain Element" library="SeleniumLibrary">
<arg>xpath://p[contains(text(), 'Sistem pendukung keputusan pemilihan laptop')]</arg>
<doc>Verifies that element ``locator`` is found on the current page.</doc>
<msg timestamp="20231220 11:59:59.378" level="INFO">Current page contains element 'xpath://p[contains(text(), 'Sistem pendukung keputusan pemilihan laptop')]'.</msg>
<status status="PASS" starttime="20231220 11:59:59.329" endtime="20231220 11:59:59.378"/>
</kw>
<kw name="Click Link" library="SeleniumLibrary">
<arg>xpath://a[contains(@href, 'data-perhitungan')]</arg>
<doc>Clicks a link identified by ``locator``.</doc>
<msg timestamp="20231220 11:59:59.382" level="INFO">Clicking link 'xpath://a[contains(@href, 'data-perhitungan')]'.</msg>
<status status="PASS" starttime="20231220 11:59:59.381" endtime="20231220 12:00:01.944"/>
</kw>
<kw name="Page Should Contain Element" library="SeleniumLibrary">
<arg>xpath://h1[contains(text(), 'Data Perhitungan')]</arg>
<doc>Verifies that element ``locator`` is found on the current page.</doc>
<msg timestamp="20231220 12:00:02.007" level="INFO">Current page contains element 'xpath://h1[contains(text(), 'Data Perhitungan')]'.</msg>
<status status="PASS" starttime="20231220 12:00:01.945" endtime="20231220 12:00:02.007"/>
</kw>
<kw name="Click Element" library="SeleniumLibrary">
<arg>xpath://a[contains(text(), ' Hitung')]</arg>
<doc>Click the element identified by ``locator``.</doc>
<msg timestamp="20231220 12:00:02.013" level="INFO">Clicking element 'xpath://a[contains(text(), ' Hitung')]'.</msg>
<status status="PASS" starttime="20231220 12:00:02.012" endtime="20231220 12:00:04.659"/>
</kw>
<status status="PASS" starttime="20231220 11:59:16.233" endtime="20231220 12:00:04.659"/>
</test>
<test id="s1-t8" name="Test Case 8 : Verify Print The Final Result Functionality" line="121">
<kw name="Open Browser" library="SeleniumLibrary">
<arg>${BASE_URL}/</arg>
<arg>${BROWSER}</arg>
<doc>Opens a new browser instance to the optional ``url``.</doc>
<msg timestamp="20231220 12:00:04.671" level="INFO">Opening browser 'chrome' to base url 'http://localhost:8000/'.</msg>
<status status="PASS" starttime="20231220 12:00:04.668" endtime="20231220 12:00:29.782"/>
</kw>
<kw name="Maximize Browser Window" library="SeleniumLibrary">
<doc>Maximizes current browser window.</doc>
<status status="PASS" starttime="20231220 12:00:29.842" endtime="20231220 12:00:30.195"/>
</kw>
<kw name="Click Element" library="SeleniumLibrary">
<arg>xpath://a[contains(text(), 'Login')]</arg>
<doc>Click the element identified by ``locator``.</doc>
<msg timestamp="20231220 12:00:30.198" level="INFO">Clicking element 'xpath://a[contains(text(), 'Login')]'.</msg>
<status status="PASS" starttime="20231220 12:00:30.196" endtime="20231220 12:00:36.624"/>
</kw>
<kw name="Input Text" library="SeleniumLibrary">
<arg>id:username</arg>
<arg>testlogin</arg>
<doc>Types the given ``text`` into the text field identified by ``locator``.</doc>
<msg timestamp="20231220 12:00:36.630" level="INFO">Typing text 'testlogin' into text field 'id:username'.</msg>
<status status="PASS" starttime="20231220 12:00:36.628" endtime="20231220 12:00:37.265"/>
</kw>
<kw name="Input Text" library="SeleniumLibrary">
<arg>id:password</arg>
<arg>00000000</arg>
<doc>Types the given ``text`` into the text field identified by ``locator``.</doc>
<msg timestamp="20231220 12:00:37.267" level="INFO">Typing text '00000000' into text field 'id:password'.</msg>
<status status="PASS" starttime="20231220 12:00:37.266" endtime="20231220 12:00:37.743"/>
</kw>
<kw name="Click Button" library="SeleniumLibrary">
<arg>xpath://button[contains(text(), 'Login')]</arg>
<doc>Clicks the button identified by ``locator``.</doc>
<msg timestamp="20231220 12:00:37.831" level="INFO">Clicking button 'xpath://button[contains(text(), 'Login')]'.</msg>
<status status="PASS" starttime="20231220 12:00:37.829" endtime="20231220 12:00:43.589"/>
</kw>
<kw name="Page Should Contain Element" library="SeleniumLibrary">
<arg>xpath://h1[contains(text(), 'Dashboard')]</arg>
<doc>Verifies that element ``locator`` is found on the current page.</doc>
<msg timestamp="20231220 12:00:43.655" level="INFO">Current page contains element 'xpath://h1[contains(text(), 'Dashboard')]'.</msg>
<status status="PASS" starttime="20231220 12:00:43.590" endtime="20231220 12:00:43.655"/>
</kw>
<kw name="Page Should Contain Element" library="SeleniumLibrary">
<arg>xpath://p[contains(text(), 'Sistem pendukung keputusan pemilihan laptop')]</arg>
<doc>Verifies that element ``locator`` is found on the current page.</doc>
<msg timestamp="20231220 12:00:43.706" level="INFO">Current page contains element 'xpath://p[contains(text(), 'Sistem pendukung keputusan pemilihan laptop')]'.</msg>
<status status="PASS" starttime="20231220 12:00:43.658" endtime="20231220 12:00:43.706"/>
</kw>
<kw name="Click Link" library="SeleniumLibrary">
<arg>xpath://a[contains(@href, 'data-hasil-akhir')]</arg>
<doc>Clicks a link identified by ``locator``.</doc>
<msg timestamp="20231220 12:00:43.709" level="INFO">Clicking link 'xpath://a[contains(@href, 'data-hasil-akhir')]'.</msg>
<status status="PASS" starttime="20231220 12:00:43.707" endtime="20231220 12:00:46.139"/>
</kw>
<kw name="Page Should Contain Element" library="SeleniumLibrary">
<arg>xpath://h1[contains(text(), 'Data Hasil Akhir')]</arg>
<doc>Verifies that element ``locator`` is found on the current page.</doc>
<msg timestamp="20231220 12:00:46.205" level="INFO">Current page contains element 'xpath://h1[contains(text(), 'Data Hasil Akhir')]'.</msg>
<status status="PASS" starttime="20231220 12:00:46.141" endtime="20231220 12:00:46.206"/>
</kw>
<kw name="Click Element" library="SeleniumLibrary">
<arg>xpath://a[contains(text(), ' Cetak Data')]</arg>
<doc>Click the element identified by ``locator``.</doc>
<msg timestamp="20231220 12:00:46.208" level="INFO">Clicking element 'xpath://a[contains(text(), ' Cetak Data')]'.</msg>
<status status="PASS" starttime="20231220 12:00:46.207" endtime="20231220 12:00:46.727"/>
</kw>
<status status="PASS" starttime="20231220 12:00:04.668" endtime="20231220 12:00:46.728"/>
</test>
<status status="PASS" starttime="20231220 11:56:44.397" endtime="20231220 12:00:46.734"/>
</suite>
<statistics>
<total>
<stat pass="8" fail="0" skip="0">All Tests</stat>
</total>
<tag>
</tag>
<suite>
<stat pass="8" fail="0" skip="0" id="s1" name="Test-Suite-2">Test-Suite-2</stat>
</suite>
</statistics>
<errors>
</errors>
</robot>
